<html xmlns:math="http://exslt.org/math" xmlns:testng="http://testng.org">
   <head>
      <title>TestNG Results</title>
      <meta http-equiv="content-type" content="text/html; charset=utf-8"></meta>
      <meta http-equiv="pragma" content="no-cache"></meta>
      <meta http-equiv="cache-control" content="max-age=0"></meta>
      <meta http-equiv="cache-control" content="no-cache"></meta>
      <meta http-equiv="cache-control" content="no-store"></meta>
      <LINK rel="stylesheet" href="style.css"></LINK>
      <script type="text/javascript" src="main.js"></script>
   </head>
   <body>
      <table width="100%" style="font-size: 16px; margin-bottom: 10px;" cellspacing="1">
         <tr>
            <td width="100%">
               Test case
               
               <b>Test</b>
            </td>
            <td style="background-color: #FFBBBB; padding: 3px 3px 3px 0;" align="center">
               <div style="width: 50px;">1</div>
            </td>
            <td style="background-color: lightgreen; padding: 3px 3px 3px 0;" align="center">
               <div style="width: 50px;">3</div>
            </td>
            <td style="background-color: #FFFFBB; padding: 3px 3px 3px 0;" align="center">
               <div style="width: 50px;">0</div>
            </td>
            <td align="center" style="background-color: #eaf0f7; padding: 3px 3px 3px 0;">
               <div style="width: 50px;">4</div>
            </td>
            <td align="center"
                style="font-weight: bold; background-color: #eaf0f7; padding: 3px 3px 3px 0;">
               <div style="width: 50px;">75%</div>
            </td>
            <td style="background-color: #eaf0f7; padding: 3px 3px 3px 0;" align="center"
                nowrap="true">46s
               
            </td>
         </tr>
      </table>
      <div style="width: 200px;">
         <label for="groupMethodsCheckBox" style="font-weight: bold; margin: 0;">
            <input id="groupMethodsCheckBox" type="checkbox" onclick="switchTestMethodsView(this)"></input>
            Group by class
            
         </label>
         <br></br>
         <label for="methodsFilter_ALL" style="font-weight: bold; margin: 0;">
            <input id="methodsFilter_ALL" type="checkbox"
                   onclick="testMethodsFilterChanged(this, 'ALL')"></input>
            All
            
         </label>
      </div>
      <label for="methodsFilter_FAIL" style="margin-left: 20px;">
         <input id="methodsFilter_FAIL" type="checkbox"
                onclick="testMethodsFilterChanged(this, 'FAIL')"
                checked=""></input>
         Failed
         
      </label>
      <label for="methodsFilter_PASS">
         <input id="methodsFilter_PASS" type="checkbox"
                onclick="testMethodsFilterChanged(this, 'PASS')"
                checked=""></input>
         Passed
         
      </label>
      <label for="methodsFilter_SKIP">
         <input id="methodsFilter_SKIP" type="checkbox"
                onclick="testMethodsFilterChanged(this, 'SKIP')"
                checked=""></input>
         Skipped
         
      </label>
      <label for="methodsFilter_CONF">
         <input id="methodsFilter_CONF" type="checkbox"
                onclick="testMethodsFilterChanged(this, 'CONF')"></input>
         Config
         
      </label>
      <br></br>
      <div id="testMethodsByStatus">
         <table class="testMethodsTable" cellpadding="0" cellspacing="0">
            <tr class="methodsTableHeader">
               <td width="100%">Name</td>
               <td nowrap="true">Started</td>
               <td nowrap="true">Duration</td>
               <td>Exception</td>
            </tr>
            <tr id="tests.LoginTest_wrongEmailAndWrongPasswordTest_byStatus_failed_FAIL1_row"
                class="testMethodStatusFAIL">
               <td width="100%" class="firstMethodCell">
                  <a onclick="toggleDetailsVisibility('tests.LoginTest_wrongEmailAndWrongPasswordTest_byStatus_failed_FAIL1_details')">wrongEmailAndWrongPasswordTest()</a>
               </td>
               <td nowrap="true">04:57:18</td>
               <td nowrap="true" align="right">3s
                  
               </td>
               <td nowrap="true">
                  <a onclick="toggleDetailsVisibility('tests.LoginTest_wrongEmailAndWrongPasswordTest_byStatus_failed_FAIL1_exception')">org.openqa.selenium.NoSuchElementException: 
                     Unable to locate element: #globalError
                     For documentation on this error, please visit: https://selenium.dev/exceptions/#no_such_element
                     Build info: version: '4.6.0', revision: '79f1c02ae20'
                     System info: os.name: 'Windows 10', os.arch: 'amd64', os.version: '10.0', java.version: '14.0.2'
                     Driver info: org.openqa.selenium.firefox.FirefoxDriver
                     Command: [d4027b3d-1164-4d34-933d-30c7dad4ca03, findElement {using=id, value=globalError}]
                     Capabilities {acceptInsecureCerts: true, browserName: firefox, browserVersion: 108.0.2, moz:accessibilityChecks: false, moz:buildID:
                     20230104165113, moz:debuggerAddress: 127.0.0.1:16587, moz:geckodriverVersion: 0.32.0, moz:headless: false, moz:platformVersion:
                     10.0, moz:processID: 4636, moz:profile: C:\Users\USER\AppData\Local..., moz:shutdownTimeout: 60000, moz:useNonSpecCompliantPointerOrigin:
                     false, moz:webdriverClick: true, moz:windowless: false, pageLoadStrategy: normal, platformName: WINDOWS, proxy: Proxy(), se:cdp:
                     ws://127.0.0.1:16587/devtoo..., se:cdpVersion: 85.0, setWindowRect: true, strictFileInteractability: false, timeouts: {implicit:
                     0, pageLoad: 300000, script: 30000}, unhandledPromptBehavior: dismiss and notify}
                     Session ID: d4027b3d-1164-4d34-933d-30c7dad4ca03
                     
                  </a>
                   
                  
               </td>
            </tr>
            <tr>
               <td colspan="4" class="detailsBox">
                  <div id="tests.LoginTest_wrongEmailAndWrongPasswordTest_byStatus_failed_FAIL1_details"
                       class="testMethodDetails">
                     <div>
                        <b>Name: </b>wrongEmailAndWrongPasswordTest
                     </div>
                     <div>
                        <b>Signature: </b>wrongEmailAndWrongPasswordTest()[pri:0, instance:tests.LoginTest@31e5415e]
                     </div>
                     <div>
                        <b>Start time: </b>04:57:18
                     </div>
                     <div>
                        <b>End time: </b>04:57:22
                     </div>
                     <div>
                        <b>Duration: </b>3s
                        
                     </div>
                  </div>
               </td>
            </tr>
            <tr>
               <td colspan="4" class="detailsBox">
                  <div id="tests.LoginTest_wrongEmailAndWrongPasswordTest_byStatus_failed_FAIL1_exception"
                       class="testMethodDetails">
                     <pre style="padding: 5px; margin: 0;">org.openqa.selenium.NoSuchElementException: Unable to locate element: #globalError
                        For documentation on this error, please visit: https://selenium.dev/exceptions/#no_such_element
                        Build info: version: '4.6.0', revision: '79f1c02ae20'
                        System info: os.name: 'Windows 10', os.arch: 'amd64', os.version: '10.0', java.version: '14.0.2'
                        Driver info: org.openqa.selenium.firefox.FirefoxDriver
                        Command: [d4027b3d-1164-4d34-933d-30c7dad4ca03, findElement {using=id, value=globalError}]
                        Capabilities {acceptInsecureCerts: true, browserName: firefox, browserVersion: 108.0.2, moz:accessibilityChecks: false, moz:buildID:
                        20230104165113, moz:debuggerAddress: 127.0.0.1:16587, moz:geckodriverVersion: 0.32.0, moz:headless: false, moz:platformVersion:
                        10.0, moz:processID: 4636, moz:profile: C:\Users\USER\AppData\Local..., moz:shutdownTimeout: 60000, moz:useNonSpecCompliantPointerOrigin:
                        false, moz:webdriverClick: true, moz:windowless: false, pageLoadStrategy: normal, platformName: WINDOWS, proxy: Proxy(), se:cdp:
                        ws://127.0.0.1:16587/devtoo..., se:cdpVersion: 85.0, setWindowRect: true, strictFileInteractability: false, timeouts: {implicit:
                        0, pageLoad: 300000, script: 30000}, unhandledPromptBehavior: dismiss and notify}
                        Session ID: d4027b3d-1164-4d34-933d-30c7dad4ca03
                        at java.base/jdk.internal.reflect.NativeConstructorAccessorImpl.newInstance0(Native Method)
                        at java.base/jdk.internal.reflect.NativeConstructorAccessorImpl.newInstance(NativeConstructorAccessorImpl.java:62)
                        at java.base/jdk.internal.reflect.DelegatingConstructorAccessorImpl.newInstance(DelegatingConstructorAccessorImpl.java:45)
                        at java.base/java.lang.reflect.Constructor.newInstanceWithCaller(Constructor.java:500)
                        at java.base/java.lang.reflect.Constructor.newInstance(Constructor.java:481)
                        at org.openqa.selenium.remote.codec.w3c.W3CHttpResponseCodec.createException(W3CHttpResponseCodec.java:200)
                        at org.openqa.selenium.remote.codec.w3c.W3CHttpResponseCodec.decode(W3CHttpResponseCodec.java:133)
                        at org.openqa.selenium.remote.codec.w3c.W3CHttpResponseCodec.decode(W3CHttpResponseCodec.java:53)
                        at org.openqa.selenium.remote.HttpCommandExecutor.execute(HttpCommandExecutor.java:184)
                        at org.openqa.selenium.remote.service.DriverCommandExecutor.invokeExecute(DriverCommandExecutor.java:167)
                        at org.openqa.selenium.remote.service.DriverCommandExecutor.execute(DriverCommandExecutor.java:142)
                        at org.openqa.selenium.remote.RemoteWebDriver.execute(RemoteWebDriver.java:541)
                        at org.openqa.selenium.remote.ElementLocation$ElementFinder$2.findElement(ElementLocation.java:162)
                        at org.openqa.selenium.remote.ElementLocation.findElement(ElementLocation.java:60)
                        at org.openqa.selenium.remote.RemoteWebDriver.findElement(RemoteWebDriver.java:365)
                        at org.openqa.selenium.remote.RemoteWebDriver.findElement(RemoteWebDriver.java:357)
                        at org.openqa.selenium.support.pagefactory.DefaultElementLocator.findElement(DefaultElementLocator.java:70)
                        at org.openqa.selenium.support.pagefactory.internal.LocatingElementHandler.invoke(LocatingElementHandler.java:39)
                        at com.sun.proxy.$Proxy14.getText(Unknown Source)
                        at pages.LoginPage.globalErr(LoginPage.java:89)
                        at tests.LoginTest.wrongEmailAndWrongPasswordTest(LoginTest.java:61)
                        at java.base/jdk.internal.reflect.NativeMethodAccessorImpl.invoke0(Native Method)
                        at java.base/jdk.internal.reflect.NativeMethodAccessorImpl.invoke(NativeMethodAccessorImpl.java:62)
                        at java.base/jdk.internal.reflect.DelegatingMethodAccessorImpl.invoke(DelegatingMethodAccessorImpl.java:43)
                        at java.base/java.lang.reflect.Method.invoke(Method.java:564)
                        at org.testng.internal.MethodInvocationHelper.invokeMethod(MethodInvocationHelper.java:124)
                        at org.testng.internal.Invoker.invokeMethod(Invoker.java:580)
                        at org.testng.internal.Invoker.invokeTestMethod(Invoker.java:716)
                        at org.testng.internal.Invoker.invokeTestMethods(Invoker.java:988)
                        at org.testng.internal.TestMethodWorker.invokeTestMethods(TestMethodWorker.java:125)
                        at org.testng.internal.TestMethodWorker.run(TestMethodWorker.java:109)
                        at org.testng.TestRunner.privateRun(TestRunner.java:648)
                        at org.testng.TestRunner.run(TestRunner.java:505)
                        at org.testng.SuiteRunner.runTest(SuiteRunner.java:455)
                        at org.testng.SuiteRunner.runSequentially(SuiteRunner.java:450)
                        at org.testng.SuiteRunner.privateRun(SuiteRunner.java:415)
                        at org.testng.SuiteRunner.run(SuiteRunner.java:364)
                        at org.testng.SuiteRunnerWorker.runSuite(SuiteRunnerWorker.java:52)
                        at org.testng.SuiteRunnerWorker.run(SuiteRunnerWorker.java:84)
                        at org.testng.TestNG.runSuitesSequentially(TestNG.java:1208)
                        at org.testng.TestNG.runSuitesLocally(TestNG.java:1137)
                        at org.testng.TestNG.runSuites(TestNG.java:1049)
                        at org.testng.TestNG.run(TestNG.java:1017)
                        at org.testng.TestNG.privateMain(TestNG.java:1354)
                        at org.testng.TestNG.main(TestNG.java:1323)
                     </pre>
                  </div>
               </td>
            </tr>
            <tr id="tests.LoginTest_beforeMethod_byStatus_passed_PASS1_row"
                class="testMethodStatusPASS testMethodStatusCONF">
               <td width="100%" class="firstMethodCell">
                  <a onclick="toggleDetailsVisibility('tests.LoginTest_beforeMethod_byStatus_passed_PASS1_details')">beforeMethod()</a>
               </td>
               <td nowrap="true">04:56:37</td>
               <td nowrap="true" align="right">8s
                  
               </td>
               <td nowrap="true">
                   
                  
               </td>
            </tr>
            <tr>
               <td colspan="4" class="detailsBox">
                  <div id="tests.LoginTest_beforeMethod_byStatus_passed_PASS1_details"
                       class="testMethodDetails">
                     <div>
                        <b>Name: </b>beforeMethod
                     </div>
                     <div>
                        <b>Signature: </b>beforeMethod()[pri:0, instance:tests.LoginTest@31e5415e]
                     </div>
                     <div>
                        <b>Start time: </b>04:56:37
                     </div>
                     <div>
                        <b>End time: </b>04:56:45
                     </div>
                     <div>
                        <b>Duration: </b>8s
                        
                     </div>
                  </div>
               </td>
            </tr>
            <tr></tr>
            <tr id="tests.LoginTest_emailWithSpecialCharTest_byStatus_passed_PASS2_row"
                class="testMethodStatusPASS">
               <td width="100%" class="firstMethodCell">
                  <a onclick="toggleDetailsVisibility('tests.LoginTest_emailWithSpecialCharTest_byStatus_passed_PASS2_details')">emailWithSpecialCharTest()</a>
               </td>
               <td nowrap="true">04:56:45</td>
               <td nowrap="true" align="right">3s
                  
               </td>
               <td nowrap="true">
                   
                  
               </td>
            </tr>
            <tr>
               <td colspan="4" class="detailsBox">
                  <div id="tests.LoginTest_emailWithSpecialCharTest_byStatus_passed_PASS2_details"
                       class="testMethodDetails">
                     <div>
                        <b>Name: </b>emailWithSpecialCharTest
                     </div>
                     <div>
                        <b>Signature: </b>emailWithSpecialCharTest()[pri:0, instance:tests.LoginTest@31e5415e]
                     </div>
                     <div>
                        <b>Start time: </b>04:56:45
                     </div>
                     <div>
                        <b>End time: </b>04:56:48
                     </div>
                     <div>
                        <b>Duration: </b>3s
                        
                     </div>
                  </div>
               </td>
            </tr>
            <tr></tr>
            <tr id="tests.LoginTest_afterMethod_byStatus_passed_PASS3_row"
                class="testMethodStatusPASS testMethodStatusCONF">
               <td width="100%" class="firstMethodCell">
                  <a onclick="toggleDetailsVisibility('tests.LoginTest_afterMethod_byStatus_passed_PASS3_details')">afterMethod()</a>
               </td>
               <td nowrap="true">04:56:48</td>
               <td nowrap="true" align="right">1s
                  
               </td>
               <td nowrap="true">
                   
                  
               </td>
            </tr>
            <tr>
               <td colspan="4" class="detailsBox">
                  <div id="tests.LoginTest_afterMethod_byStatus_passed_PASS3_details"
                       class="testMethodDetails">
                     <div>
                        <b>Name: </b>afterMethod
                     </div>
                     <div>
                        <b>Signature: </b>afterMethod()[pri:0, instance:tests.LoginTest@31e5415e]
                     </div>
                     <div>
                        <b>Start time: </b>04:56:48
                     </div>
                     <div>
                        <b>End time: </b>04:56:49
                     </div>
                     <div>
                        <b>Duration: </b>1s
                        
                     </div>
                  </div>
               </td>
            </tr>
            <tr></tr>
            <tr id="tests.LoginTest_beforeMethod_byStatus_passed_PASS4_row"
                class="testMethodStatusPASS testMethodStatusCONF">
               <td width="100%" class="firstMethodCell">
                  <a onclick="toggleDetailsVisibility('tests.LoginTest_beforeMethod_byStatus_passed_PASS4_details')">beforeMethod()</a>
               </td>
               <td nowrap="true">04:56:49</td>
               <td nowrap="true" align="right">7s
                  
               </td>
               <td nowrap="true">
                   
                  
               </td>
            </tr>
            <tr>
               <td colspan="4" class="detailsBox">
                  <div id="tests.LoginTest_beforeMethod_byStatus_passed_PASS4_details"
                       class="testMethodDetails">
                     <div>
                        <b>Name: </b>beforeMethod
                     </div>
                     <div>
                        <b>Signature: </b>beforeMethod()[pri:0, instance:tests.LoginTest@31e5415e]
                     </div>
                     <div>
                        <b>Start time: </b>04:56:49
                     </div>
                     <div>
                        <b>End time: </b>04:56:57
                     </div>
                     <div>
                        <b>Duration: </b>7s
                        
                     </div>
                  </div>
               </td>
            </tr>
            <tr></tr>
            <tr id="tests.LoginTest_emptyEmaiTest_byStatus_passed_PASS5_row"
                class="testMethodStatusPASS">
               <td width="100%" class="firstMethodCell">
                  <a onclick="toggleDetailsVisibility('tests.LoginTest_emptyEmaiTest_byStatus_passed_PASS5_details')">emptyEmaiTest()</a>
               </td>
               <td nowrap="true">04:56:57</td>
               <td nowrap="true" align="right">2s
                  
               </td>
               <td nowrap="true">
                   
                  
               </td>
            </tr>
            <tr>
               <td colspan="4" class="detailsBox">
                  <div id="tests.LoginTest_emptyEmaiTest_byStatus_passed_PASS5_details"
                       class="testMethodDetails">
                     <div>
                        <b>Name: </b>emptyEmaiTest
                     </div>
                     <div>
                        <b>Signature: </b>emptyEmaiTest()[pri:0, instance:tests.LoginTest@31e5415e]
                     </div>
                     <div>
                        <b>Start time: </b>04:56:57
                     </div>
                     <div>
                        <b>End time: </b>04:57:00
                     </div>
                     <div>
                        <b>Duration: </b>2s
                        
                     </div>
                  </div>
               </td>
            </tr>
            <tr></tr>
            <tr id="tests.LoginTest_afterMethod_byStatus_passed_PASS6_row"
                class="testMethodStatusPASS testMethodStatusCONF">
               <td width="100%" class="firstMethodCell">
                  <a onclick="toggleDetailsVisibility('tests.LoginTest_afterMethod_byStatus_passed_PASS6_details')">afterMethod()</a>
               </td>
               <td nowrap="true">04:57:00</td>
               <td nowrap="true" align="right">1s
                  
               </td>
               <td nowrap="true">
                   
                  
               </td>
            </tr>
            <tr>
               <td colspan="4" class="detailsBox">
                  <div id="tests.LoginTest_afterMethod_byStatus_passed_PASS6_details"
                       class="testMethodDetails">
                     <div>
                        <b>Name: </b>afterMethod
                     </div>
                     <div>
                        <b>Signature: </b>afterMethod()[pri:0, instance:tests.LoginTest@31e5415e]
                     </div>
                     <div>
                        <b>Start time: </b>04:57:00
                     </div>
                     <div>
                        <b>End time: </b>04:57:01
                     </div>
                     <div>
                        <b>Duration: </b>1s
                        
                     </div>
                  </div>
               </td>
            </tr>
            <tr></tr>
            <tr id="tests.LoginTest_beforeMethod_byStatus_passed_PASS7_row"
                class="testMethodStatusPASS testMethodStatusCONF">
               <td width="100%" class="firstMethodCell">
                  <a onclick="toggleDetailsVisibility('tests.LoginTest_beforeMethod_byStatus_passed_PASS7_details')">beforeMethod()</a>
               </td>
               <td nowrap="true">04:57:01</td>
               <td nowrap="true" align="right">6s
                  
               </td>
               <td nowrap="true">
                   
                  
               </td>
            </tr>
            <tr>
               <td colspan="4" class="detailsBox">
                  <div id="tests.LoginTest_beforeMethod_byStatus_passed_PASS7_details"
                       class="testMethodDetails">
                     <div>
                        <b>Name: </b>beforeMethod
                     </div>
                     <div>
                        <b>Signature: </b>beforeMethod()[pri:0, instance:tests.LoginTest@31e5415e]
                     </div>
                     <div>
                        <b>Start time: </b>04:57:01
                     </div>
                     <div>
                        <b>End time: </b>04:57:08
                     </div>
                     <div>
                        <b>Duration: </b>6s
                        
                     </div>
                  </div>
               </td>
            </tr>
            <tr></tr>
            <tr id="tests.LoginTest_emptyPasswordTest_byStatus_passed_PASS8_row"
                class="testMethodStatusPASS">
               <td width="100%" class="firstMethodCell">
                  <a onclick="toggleDetailsVisibility('tests.LoginTest_emptyPasswordTest_byStatus_passed_PASS8_details')">emptyPasswordTest()</a>
               </td>
               <td nowrap="true">04:57:08</td>
               <td nowrap="true" align="right">2s
                  
               </td>
               <td nowrap="true">
                   
                  
               </td>
            </tr>
            <tr>
               <td colspan="4" class="detailsBox">
                  <div id="tests.LoginTest_emptyPasswordTest_byStatus_passed_PASS8_details"
                       class="testMethodDetails">
                     <div>
                        <b>Name: </b>emptyPasswordTest
                     </div>
                     <div>
                        <b>Signature: </b>emptyPasswordTest()[pri:0, instance:tests.LoginTest@31e5415e]
                     </div>
                     <div>
                        <b>Start time: </b>04:57:08
                     </div>
                     <div>
                        <b>End time: </b>04:57:11
                     </div>
                     <div>
                        <b>Duration: </b>2s
                        
                     </div>
                  </div>
               </td>
            </tr>
            <tr></tr>
            <tr id="tests.LoginTest_afterMethod_byStatus_passed_PASS9_row"
                class="testMethodStatusPASS testMethodStatusCONF">
               <td width="100%" class="firstMethodCell">
                  <a onclick="toggleDetailsVisibility('tests.LoginTest_afterMethod_byStatus_passed_PASS9_details')">afterMethod()</a>
               </td>
               <td nowrap="true">04:57:11</td>
               <td nowrap="true" align="right">1s
                  
               </td>
               <td nowrap="true">
                   
                  
               </td>
            </tr>
            <tr>
               <td colspan="4" class="detailsBox">
                  <div id="tests.LoginTest_afterMethod_byStatus_passed_PASS9_details"
                       class="testMethodDetails">
                     <div>
                        <b>Name: </b>afterMethod
                     </div>
                     <div>
                        <b>Signature: </b>afterMethod()[pri:0, instance:tests.LoginTest@31e5415e]
                     </div>
                     <div>
                        <b>Start time: </b>04:57:11
                     </div>
                     <div>
                        <b>End time: </b>04:57:12
                     </div>
                     <div>
                        <b>Duration: </b>1s
                        
                     </div>
                  </div>
               </td>
            </tr>
            <tr></tr>
            <tr id="tests.LoginTest_beforeMethod_byStatus_passed_PASS10_row"
                class="testMethodStatusPASS testMethodStatusCONF">
               <td width="100%" class="firstMethodCell">
                  <a onclick="toggleDetailsVisibility('tests.LoginTest_beforeMethod_byStatus_passed_PASS10_details')">beforeMethod()</a>
               </td>
               <td nowrap="true">04:57:12</td>
               <td nowrap="true" align="right">6s
                  
               </td>
               <td nowrap="true">
                   
                  
               </td>
            </tr>
            <tr>
               <td colspan="4" class="detailsBox">
                  <div id="tests.LoginTest_beforeMethod_byStatus_passed_PASS10_details"
                       class="testMethodDetails">
                     <div>
                        <b>Name: </b>beforeMethod
                     </div>
                     <div>
                        <b>Signature: </b>beforeMethod()[pri:0, instance:tests.LoginTest@31e5415e]
                     </div>
                     <div>
                        <b>Start time: </b>04:57:12
                     </div>
                     <div>
                        <b>End time: </b>04:57:18
                     </div>
                     <div>
                        <b>Duration: </b>6s
                        
                     </div>
                  </div>
               </td>
            </tr>
            <tr></tr>
            <tr id="tests.LoginTest_afterMethod_byStatus_passed_PASS11_row"
                class="testMethodStatusPASS testMethodStatusCONF">
               <td width="100%" class="firstMethodCell">
                  <a onclick="toggleDetailsVisibility('tests.LoginTest_afterMethod_byStatus_passed_PASS11_details')">afterMethod()</a>
               </td>
               <td nowrap="true">04:57:22</td>
               <td nowrap="true" align="right">1s
                  
               </td>
               <td nowrap="true">
                   
                  
               </td>
            </tr>
            <tr>
               <td colspan="4" class="detailsBox">
                  <div id="tests.LoginTest_afterMethod_byStatus_passed_PASS11_details"
                       class="testMethodDetails">
                     <div>
                        <b>Name: </b>afterMethod
                     </div>
                     <div>
                        <b>Signature: </b>afterMethod()[pri:0, instance:tests.LoginTest@31e5415e]
                     </div>
                     <div>
                        <b>Start time: </b>04:57:22
                     </div>
                     <div>
                        <b>End time: </b>04:57:23
                     </div>
                     <div>
                        <b>Duration: </b>1s
                        
                     </div>
                  </div>
               </td>
            </tr>
            <tr></tr>
         </table>
      </div>
      <div id="testMethodsByClass" style="display: none;">
         <table class="testMethodsTable" cellpadding="0" cellspacing="0">
            <tr>
               <td colspan="4">
                  <h3 style="display: inline;">tests.LoginTest</h3>
               </td>
            </tr>
            <tr class="methodsTableHeader">
               <td width="100%">Name</td>
               <td nowrap="true">Started</td>
               <td nowrap="true">Duration</td>
               <td>Exception</td>
            </tr>
            <tr id="tests.LoginTest_beforeMethod_byClass_PASS1_row"
                class="testMethodStatusPASS testMethodStatusCONF">
               <td width="100%" class="firstMethodCell">
                  <a onclick="toggleDetailsVisibility('tests.LoginTest_beforeMethod_byClass_PASS1_details')">beforeMethod()</a>
               </td>
               <td nowrap="true">04:56:37</td>
               <td nowrap="true" align="right">8s
                  
               </td>
               <td nowrap="true">
                   
                  
               </td>
            </tr>
            <tr>
               <td colspan="4" class="detailsBox">
                  <div id="tests.LoginTest_beforeMethod_byClass_PASS1_details"
                       class="testMethodDetails">
                     <div>
                        <b>Name: </b>beforeMethod
                     </div>
                     <div>
                        <b>Signature: </b>beforeMethod()[pri:0, instance:tests.LoginTest@31e5415e]
                     </div>
                     <div>
                        <b>Start time: </b>04:56:37
                     </div>
                     <div>
                        <b>End time: </b>04:56:45
                     </div>
                     <div>
                        <b>Duration: </b>8s
                        
                     </div>
                  </div>
               </td>
            </tr>
            <tr></tr>
            <tr id="tests.LoginTest_emailWithSpecialCharTest_byClass_PASS2_row"
                class="testMethodStatusPASS">
               <td width="100%" class="firstMethodCell">
                  <a onclick="toggleDetailsVisibility('tests.LoginTest_emailWithSpecialCharTest_byClass_PASS2_details')">emailWithSpecialCharTest()</a>
               </td>
               <td nowrap="true">04:56:45</td>
               <td nowrap="true" align="right">3s
                  
               </td>
               <td nowrap="true">
                   
                  
               </td>
            </tr>
            <tr>
               <td colspan="4" class="detailsBox">
                  <div id="tests.LoginTest_emailWithSpecialCharTest_byClass_PASS2_details"
                       class="testMethodDetails">
                     <div>
                        <b>Name: </b>emailWithSpecialCharTest
                     </div>
                     <div>
                        <b>Signature: </b>emailWithSpecialCharTest()[pri:0, instance:tests.LoginTest@31e5415e]
                     </div>
                     <div>
                        <b>Start time: </b>04:56:45
                     </div>
                     <div>
                        <b>End time: </b>04:56:48
                     </div>
                     <div>
                        <b>Duration: </b>3s
                        
                     </div>
                  </div>
               </td>
            </tr>
            <tr></tr>
            <tr id="tests.LoginTest_afterMethod_byClass_PASS3_row"
                class="testMethodStatusPASS testMethodStatusCONF">
               <td width="100%" class="firstMethodCell">
                  <a onclick="toggleDetailsVisibility('tests.LoginTest_afterMethod_byClass_PASS3_details')">afterMethod()</a>
               </td>
               <td nowrap="true">04:56:48</td>
               <td nowrap="true" align="right">1s
                  
               </td>
               <td nowrap="true">
                   
                  
               </td>
            </tr>
            <tr>
               <td colspan="4" class="detailsBox">
                  <div id="tests.LoginTest_afterMethod_byClass_PASS3_details"
                       class="testMethodDetails">
                     <div>
                        <b>Name: </b>afterMethod
                     </div>
                     <div>
                        <b>Signature: </b>afterMethod()[pri:0, instance:tests.LoginTest@31e5415e]
                     </div>
                     <div>
                        <b>Start time: </b>04:56:48
                     </div>
                     <div>
                        <b>End time: </b>04:56:49
                     </div>
                     <div>
                        <b>Duration: </b>1s
                        
                     </div>
                  </div>
               </td>
            </tr>
            <tr></tr>
            <tr id="tests.LoginTest_beforeMethod_byClass_PASS4_row"
                class="testMethodStatusPASS testMethodStatusCONF">
               <td width="100%" class="firstMethodCell">
                  <a onclick="toggleDetailsVisibility('tests.LoginTest_beforeMethod_byClass_PASS4_details')">beforeMethod()</a>
               </td>
               <td nowrap="true">04:56:49</td>
               <td nowrap="true" align="right">7s
                  
               </td>
               <td nowrap="true">
                   
                  
               </td>
            </tr>
            <tr>
               <td colspan="4" class="detailsBox">
                  <div id="tests.LoginTest_beforeMethod_byClass_PASS4_details"
                       class="testMethodDetails">
                     <div>
                        <b>Name: </b>beforeMethod
                     </div>
                     <div>
                        <b>Signature: </b>beforeMethod()[pri:0, instance:tests.LoginTest@31e5415e]
                     </div>
                     <div>
                        <b>Start time: </b>04:56:49
                     </div>
                     <div>
                        <b>End time: </b>04:56:57
                     </div>
                     <div>
                        <b>Duration: </b>7s
                        
                     </div>
                  </div>
               </td>
            </tr>
            <tr></tr>
            <tr id="tests.LoginTest_emptyEmaiTest_byClass_PASS5_row"
                class="testMethodStatusPASS">
               <td width="100%" class="firstMethodCell">
                  <a onclick="toggleDetailsVisibility('tests.LoginTest_emptyEmaiTest_byClass_PASS5_details')">emptyEmaiTest()</a>
               </td>
               <td nowrap="true">04:56:57</td>
               <td nowrap="true" align="right">2s
                  
               </td>
               <td nowrap="true">
                   
                  
               </td>
            </tr>
            <tr>
               <td colspan="4" class="detailsBox">
                  <div id="tests.LoginTest_emptyEmaiTest_byClass_PASS5_details"
                       class="testMethodDetails">
                     <div>
                        <b>Name: </b>emptyEmaiTest
                     </div>
                     <div>
                        <b>Signature: </b>emptyEmaiTest()[pri:0, instance:tests.LoginTest@31e5415e]
                     </div>
                     <div>
                        <b>Start time: </b>04:56:57
                     </div>
                     <div>
                        <b>End time: </b>04:57:00
                     </div>
                     <div>
                        <b>Duration: </b>2s
                        
                     </div>
                  </div>
               </td>
            </tr>
            <tr></tr>
            <tr id="tests.LoginTest_afterMethod_byClass_PASS6_row"
                class="testMethodStatusPASS testMethodStatusCONF">
               <td width="100%" class="firstMethodCell">
                  <a onclick="toggleDetailsVisibility('tests.LoginTest_afterMethod_byClass_PASS6_details')">afterMethod()</a>
               </td>
               <td nowrap="true">04:57:00</td>
               <td nowrap="true" align="right">1s
                  
               </td>
               <td nowrap="true">
                   
                  
               </td>
            </tr>
            <tr>
               <td colspan="4" class="detailsBox">
                  <div id="tests.LoginTest_afterMethod_byClass_PASS6_details"
                       class="testMethodDetails">
                     <div>
                        <b>Name: </b>afterMethod
                     </div>
                     <div>
                        <b>Signature: </b>afterMethod()[pri:0, instance:tests.LoginTest@31e5415e]
                     </div>
                     <div>
                        <b>Start time: </b>04:57:00
                     </div>
                     <div>
                        <b>End time: </b>04:57:01
                     </div>
                     <div>
                        <b>Duration: </b>1s
                        
                     </div>
                  </div>
               </td>
            </tr>
            <tr></tr>
            <tr id="tests.LoginTest_beforeMethod_byClass_PASS7_row"
                class="testMethodStatusPASS testMethodStatusCONF">
               <td width="100%" class="firstMethodCell">
                  <a onclick="toggleDetailsVisibility('tests.LoginTest_beforeMethod_byClass_PASS7_details')">beforeMethod()</a>
               </td>
               <td nowrap="true">04:57:01</td>
               <td nowrap="true" align="right">6s
                  
               </td>
               <td nowrap="true">
                   
                  
               </td>
            </tr>
            <tr>
               <td colspan="4" class="detailsBox">
                  <div id="tests.LoginTest_beforeMethod_byClass_PASS7_details"
                       class="testMethodDetails">
                     <div>
                        <b>Name: </b>beforeMethod
                     </div>
                     <div>
                        <b>Signature: </b>beforeMethod()[pri:0, instance:tests.LoginTest@31e5415e]
                     </div>
                     <div>
                        <b>Start time: </b>04:57:01
                     </div>
                     <div>
                        <b>End time: </b>04:57:08
                     </div>
                     <div>
                        <b>Duration: </b>6s
                        
                     </div>
                  </div>
               </td>
            </tr>
            <tr></tr>
            <tr id="tests.LoginTest_emptyPasswordTest_byClass_PASS8_row"
                class="testMethodStatusPASS">
               <td width="100%" class="firstMethodCell">
                  <a onclick="toggleDetailsVisibility('tests.LoginTest_emptyPasswordTest_byClass_PASS8_details')">emptyPasswordTest()</a>
               </td>
               <td nowrap="true">04:57:08</td>
               <td nowrap="true" align="right">2s
                  
               </td>
               <td nowrap="true">
                   
                  
               </td>
            </tr>
            <tr>
               <td colspan="4" class="detailsBox">
                  <div id="tests.LoginTest_emptyPasswordTest_byClass_PASS8_details"
                       class="testMethodDetails">
                     <div>
                        <b>Name: </b>emptyPasswordTest
                     </div>
                     <div>
                        <b>Signature: </b>emptyPasswordTest()[pri:0, instance:tests.LoginTest@31e5415e]
                     </div>
                     <div>
                        <b>Start time: </b>04:57:08
                     </div>
                     <div>
                        <b>End time: </b>04:57:11
                     </div>
                     <div>
                        <b>Duration: </b>2s
                        
                     </div>
                  </div>
               </td>
            </tr>
            <tr></tr>
            <tr id="tests.LoginTest_afterMethod_byClass_PASS9_row"
                class="testMethodStatusPASS testMethodStatusCONF">
               <td width="100%" class="firstMethodCell">
                  <a onclick="toggleDetailsVisibility('tests.LoginTest_afterMethod_byClass_PASS9_details')">afterMethod()</a>
               </td>
               <td nowrap="true">04:57:11</td>
               <td nowrap="true" align="right">1s
                  
               </td>
               <td nowrap="true">
                   
                  
               </td>
            </tr>
            <tr>
               <td colspan="4" class="detailsBox">
                  <div id="tests.LoginTest_afterMethod_byClass_PASS9_details"
                       class="testMethodDetails">
                     <div>
                        <b>Name: </b>afterMethod
                     </div>
                     <div>
                        <b>Signature: </b>afterMethod()[pri:0, instance:tests.LoginTest@31e5415e]
                     </div>
                     <div>
                        <b>Start time: </b>04:57:11
                     </div>
                     <div>
                        <b>End time: </b>04:57:12
                     </div>
                     <div>
                        <b>Duration: </b>1s
                        
                     </div>
                  </div>
               </td>
            </tr>
            <tr></tr>
            <tr id="tests.LoginTest_beforeMethod_byClass_PASS10_row"
                class="testMethodStatusPASS testMethodStatusCONF">
               <td width="100%" class="firstMethodCell">
                  <a onclick="toggleDetailsVisibility('tests.LoginTest_beforeMethod_byClass_PASS10_details')">beforeMethod()</a>
               </td>
               <td nowrap="true">04:57:12</td>
               <td nowrap="true" align="right">6s
                  
               </td>
               <td nowrap="true">
                   
                  
               </td>
            </tr>
            <tr>
               <td colspan="4" class="detailsBox">
                  <div id="tests.LoginTest_beforeMethod_byClass_PASS10_details"
                       class="testMethodDetails">
                     <div>
                        <b>Name: </b>beforeMethod
                     </div>
                     <div>
                        <b>Signature: </b>beforeMethod()[pri:0, instance:tests.LoginTest@31e5415e]
                     </div>
                     <div>
                        <b>Start time: </b>04:57:12
                     </div>
                     <div>
                        <b>End time: </b>04:57:18
                     </div>
                     <div>
                        <b>Duration: </b>6s
                        
                     </div>
                  </div>
               </td>
            </tr>
            <tr></tr>
            <tr id="tests.LoginTest_wrongEmailAndWrongPasswordTest_byClass_FAIL11_row"
                class="testMethodStatusFAIL">
               <td width="100%" class="firstMethodCell">
                  <a onclick="toggleDetailsVisibility('tests.LoginTest_wrongEmailAndWrongPasswordTest_byClass_FAIL11_details')">wrongEmailAndWrongPasswordTest()</a>
               </td>
               <td nowrap="true">04:57:18</td>
               <td nowrap="true" align="right">3s
                  
               </td>
               <td nowrap="true">
                  <a onclick="toggleDetailsVisibility('tests.LoginTest_wrongEmailAndWrongPasswordTest_byClass_FAIL11_exception')">org.openqa.selenium.NoSuchElementException: 
                     Unable to locate element: #globalError
                     For documentation on this error, please visit: https://selenium.dev/exceptions/#no_such_element
                     Build info: version: '4.6.0', revision: '79f1c02ae20'
                     System info: os.name: 'Windows 10', os.arch: 'amd64', os.version: '10.0', java.version: '14.0.2'
                     Driver info: org.openqa.selenium.firefox.FirefoxDriver
                     Command: [d4027b3d-1164-4d34-933d-30c7dad4ca03, findElement {using=id, value=globalError}]
                     Capabilities {acceptInsecureCerts: true, browserName: firefox, browserVersion: 108.0.2, moz:accessibilityChecks: false, moz:buildID:
                     20230104165113, moz:debuggerAddress: 127.0.0.1:16587, moz:geckodriverVersion: 0.32.0, moz:headless: false, moz:platformVersion:
                     10.0, moz:processID: 4636, moz:profile: C:\Users\USER\AppData\Local..., moz:shutdownTimeout: 60000, moz:useNonSpecCompliantPointerOrigin:
                     false, moz:webdriverClick: true, moz:windowless: false, pageLoadStrategy: normal, platformName: WINDOWS, proxy: Proxy(), se:cdp:
                     ws://127.0.0.1:16587/devtoo..., se:cdpVersion: 85.0, setWindowRect: true, strictFileInteractability: false, timeouts: {implicit:
                     0, pageLoad: 300000, script: 30000}, unhandledPromptBehavior: dismiss and notify}
                     Session ID: d4027b3d-1164-4d34-933d-30c7dad4ca03
                     
                  </a>
                   
                  
               </td>
            </tr>
            <tr>
               <td colspan="4" class="detailsBox">
                  <div id="tests.LoginTest_wrongEmailAndWrongPasswordTest_byClass_FAIL11_details"
                       class="testMethodDetails">
                     <div>
                        <b>Name: </b>wrongEmailAndWrongPasswordTest
                     </div>
                     <div>
                        <b>Signature: </b>wrongEmailAndWrongPasswordTest()[pri:0, instance:tests.LoginTest@31e5415e]
                     </div>
                     <div>
                        <b>Start time: </b>04:57:18
                     </div>
                     <div>
                        <b>End time: </b>04:57:22
                     </div>
                     <div>
                        <b>Duration: </b>3s
                        
                     </div>
                  </div>
               </td>
            </tr>
            <tr>
               <td colspan="4" class="detailsBox">
                  <div id="tests.LoginTest_wrongEmailAndWrongPasswordTest_byClass_FAIL11_exception"
                       class="testMethodDetails">
                     <pre style="padding: 5px; margin: 0;">org.openqa.selenium.NoSuchElementException: Unable to locate element: #globalError
                        For documentation on this error, please visit: https://selenium.dev/exceptions/#no_such_element
                        Build info: version: '4.6.0', revision: '79f1c02ae20'
                        System info: os.name: 'Windows 10', os.arch: 'amd64', os.version: '10.0', java.version: '14.0.2'
                        Driver info: org.openqa.selenium.firefox.FirefoxDriver
                        Command: [d4027b3d-1164-4d34-933d-30c7dad4ca03, findElement {using=id, value=globalError}]
                        Capabilities {acceptInsecureCerts: true, browserName: firefox, browserVersion: 108.0.2, moz:accessibilityChecks: false, moz:buildID:
                        20230104165113, moz:debuggerAddress: 127.0.0.1:16587, moz:geckodriverVersion: 0.32.0, moz:headless: false, moz:platformVersion:
                        10.0, moz:processID: 4636, moz:profile: C:\Users\USER\AppData\Local..., moz:shutdownTimeout: 60000, moz:useNonSpecCompliantPointerOrigin:
                        false, moz:webdriverClick: true, moz:windowless: false, pageLoadStrategy: normal, platformName: WINDOWS, proxy: Proxy(), se:cdp:
                        ws://127.0.0.1:16587/devtoo..., se:cdpVersion: 85.0, setWindowRect: true, strictFileInteractability: false, timeouts: {implicit:
                        0, pageLoad: 300000, script: 30000}, unhandledPromptBehavior: dismiss and notify}
                        Session ID: d4027b3d-1164-4d34-933d-30c7dad4ca03
                        at java.base/jdk.internal.reflect.NativeConstructorAccessorImpl.newInstance0(Native Method)
                        at java.base/jdk.internal.reflect.NativeConstructorAccessorImpl.newInstance(NativeConstructorAccessorImpl.java:62)
                        at java.base/jdk.internal.reflect.DelegatingConstructorAccessorImpl.newInstance(DelegatingConstructorAccessorImpl.java:45)
                        at java.base/java.lang.reflect.Constructor.newInstanceWithCaller(Constructor.java:500)
                        at java.base/java.lang.reflect.Constructor.newInstance(Constructor.java:481)
                        at org.openqa.selenium.remote.codec.w3c.W3CHttpResponseCodec.createException(W3CHttpResponseCodec.java:200)
                        at org.openqa.selenium.remote.codec.w3c.W3CHttpResponseCodec.decode(W3CHttpResponseCodec.java:133)
                        at org.openqa.selenium.remote.codec.w3c.W3CHttpResponseCodec.decode(W3CHttpResponseCodec.java:53)
                        at org.openqa.selenium.remote.HttpCommandExecutor.execute(HttpCommandExecutor.java:184)
                        at org.openqa.selenium.remote.service.DriverCommandExecutor.invokeExecute(DriverCommandExecutor.java:167)
                        at org.openqa.selenium.remote.service.DriverCommandExecutor.execute(DriverCommandExecutor.java:142)
                        at org.openqa.selenium.remote.RemoteWebDriver.execute(RemoteWebDriver.java:541)
                        at org.openqa.selenium.remote.ElementLocation$ElementFinder$2.findElement(ElementLocation.java:162)
                        at org.openqa.selenium.remote.ElementLocation.findElement(ElementLocation.java:60)
                        at org.openqa.selenium.remote.RemoteWebDriver.findElement(RemoteWebDriver.java:365)
                        at org.openqa.selenium.remote.RemoteWebDriver.findElement(RemoteWebDriver.java:357)
                        at org.openqa.selenium.support.pagefactory.DefaultElementLocator.findElement(DefaultElementLocator.java:70)
                        at org.openqa.selenium.support.pagefactory.internal.LocatingElementHandler.invoke(LocatingElementHandler.java:39)
                        at com.sun.proxy.$Proxy14.getText(Unknown Source)
                        at pages.LoginPage.globalErr(LoginPage.java:89)
                        at tests.LoginTest.wrongEmailAndWrongPasswordTest(LoginTest.java:61)
                        at java.base/jdk.internal.reflect.NativeMethodAccessorImpl.invoke0(Native Method)
                        at java.base/jdk.internal.reflect.NativeMethodAccessorImpl.invoke(NativeMethodAccessorImpl.java:62)
                        at java.base/jdk.internal.reflect.DelegatingMethodAccessorImpl.invoke(DelegatingMethodAccessorImpl.java:43)
                        at java.base/java.lang.reflect.Method.invoke(Method.java:564)
                        at org.testng.internal.MethodInvocationHelper.invokeMethod(MethodInvocationHelper.java:124)
                        at org.testng.internal.Invoker.invokeMethod(Invoker.java:580)
                        at org.testng.internal.Invoker.invokeTestMethod(Invoker.java:716)
                        at org.testng.internal.Invoker.invokeTestMethods(Invoker.java:988)
                        at org.testng.internal.TestMethodWorker.invokeTestMethods(TestMethodWorker.java:125)
                        at org.testng.internal.TestMethodWorker.run(TestMethodWorker.java:109)
                        at org.testng.TestRunner.privateRun(TestRunner.java:648)
                        at org.testng.TestRunner.run(TestRunner.java:505)
                        at org.testng.SuiteRunner.runTest(SuiteRunner.java:455)
                        at org.testng.SuiteRunner.runSequentially(SuiteRunner.java:450)
                        at org.testng.SuiteRunner.privateRun(SuiteRunner.java:415)
                        at org.testng.SuiteRunner.run(SuiteRunner.java:364)
                        at org.testng.SuiteRunnerWorker.runSuite(SuiteRunnerWorker.java:52)
                        at org.testng.SuiteRunnerWorker.run(SuiteRunnerWorker.java:84)
                        at org.testng.TestNG.runSuitesSequentially(TestNG.java:1208)
                        at org.testng.TestNG.runSuitesLocally(TestNG.java:1137)
                        at org.testng.TestNG.runSuites(TestNG.java:1049)
                        at org.testng.TestNG.run(TestNG.java:1017)
                        at org.testng.TestNG.privateMain(TestNG.java:1354)
                        at org.testng.TestNG.main(TestNG.java:1323)
                     </pre>
                  </div>
               </td>
            </tr>
            <tr id="tests.LoginTest_afterMethod_byClass_PASS12_row"
                class="testMethodStatusPASS testMethodStatusCONF">
               <td width="100%" class="firstMethodCell">
                  <a onclick="toggleDetailsVisibility('tests.LoginTest_afterMethod_byClass_PASS12_details')">afterMethod()</a>
               </td>
               <td nowrap="true">04:57:22</td>
               <td nowrap="true" align="right">1s
                  
               </td>
               <td nowrap="true">
                   
                  
               </td>
            </tr>
            <tr>
               <td colspan="4" class="detailsBox">
                  <div id="tests.LoginTest_afterMethod_byClass_PASS12_details"
                       class="testMethodDetails">
                     <div>
                        <b>Name: </b>afterMethod
                     </div>
                     <div>
                        <b>Signature: </b>afterMethod()[pri:0, instance:tests.LoginTest@31e5415e]
                     </div>
                     <div>
                        <b>Start time: </b>04:57:22
                     </div>
                     <div>
                        <b>End time: </b>04:57:23
                     </div>
                     <div>
                        <b>Duration: </b>1s
                        
                     </div>
                  </div>
               </td>
            </tr>
            <tr></tr>
         </table>
         <br></br>
      </div>
      <div style="margin-top: 15px; color: gray; text-align: center; font-size: 9px;">
         Generated with
         
         <a href="http://code.google.com/p/testng-xslt/" style="color: #8888aa;"
            target="_blank">
            TestNG XSLT
            
         </a>
      </div>
   </body>
</html>